<?xml version="1.0" encoding="UTF-8"?>
<!-- Generated by org.testng.reporters.JUnitReportReporter -->
<testsuite hostname="A7ML10750" name="Google" tests="1" failures="0" timestamp="7 Mar 2017 06:53:18 GMT" time="11.955" errors="0">
  <testcase name="testMethod" time="11.955" classname="Google"/>
</testsuite> <!-- Google -->
